# JRE version: Java(TM) SE Runtime Environment (8.0_201-b09) (build 1.8.0_201-b09)
# Java VM: Java HotSpot(TM) 64-Bit Server VM (25.201-b09 mixed mode windows-amd64 compressed oops)
Heap:
 PSYoungGen      total 133632K, used 66858K [0x00000000eab00000, 0x00000000f5400000, 0x0000000100000000)
  eden space 121856K, 45% used [0x00000000eab00000,0x00000000ee1246c8,0x00000000f2200000)
  from space 11776K, 96% used [0x00000000f4880000,0x00000000f53a6138,0x00000000f5400000)
  to   space 20992K, 0% used [0x00000000f2b00000,0x00000000f2b00000,0x00000000f3f80000)
 ParOldGen       total 111616K, used 65205K [0x00000000c0000000, 0x00000000c6d00000, 0x00000000eab00000)
  object space 111616K, 58% used [0x00000000c0000000,0x00000000c3fad6e8,0x00000000c6d00000)
 Metaspace       used 67953K, capacity 72274K, committed 72448K, reserved 1112064K
  class space    used 9308K, capacity 10467K, committed 10496K, reserved 1048576K
GC Heap History (10 events):
Event: 46.262 GC heap before
{Heap before GC invocations=19 (full 2):
 PSYoungGen      total 122368K, used 49560K [0x00000000eab00000, 0x00000000f3100000, 0x0000000100000000)
  eden space 110592K, 35% used [0x00000000eab00000,0x00000000ed1489b8,0x00000000f1700000)
  from space 11776K, 87% used [0x00000000f2380000,0x00000000f2d9d880,0x00000000f2f00000)
  to   space 12800K, 0% used [0x00000000f1700000,0x00000000f1700000,0x00000000f2380000)
 ParOldGen       total 71680K, used 29483K [0x00000000c0000000, 0x00000000c4600000, 0x00000000eab00000)
  object space 71680K, 41% used [0x00000000c0000000,0x00000000c1ccae48,0x00000000c4600000)
 Metaspace       used 57131K, capacity 58932K, committed 59136K, reserved 1099776K
  class space    used 7933K, capacity 8442K, committed 8448K, reserved 1048576K
Event: 46.285 GC heap after
Heap after GC invocations=19 (full 2):
 PSYoungGen      total 123392K, used 8907K [0x00000000eab00000, 0x00000000f4500000, 0x0000000100000000)
  eden space 110592K, 0% used [0x00000000eab00000,0x00000000eab00000,0x00000000f1700000)
  from space 12800K, 69% used [0x00000000f1700000,0x00000000f1fb2cc8,0x00000000f2380000)
  to   space 13312K, 0% used [0x00000000f3800000,0x00000000f3800000,0x00000000f4500000)
 ParOldGen       total 71680K, used 29491K [0x00000000c0000000, 0x00000000c4600000, 0x00000000eab00000)
  object space 71680K, 41% used [0x00000000c0000000,0x00000000c1ccce48,0x00000000c4600000)
 Metaspace       used 57131K, capacity 58932K, committed 59136K, reserved 1099776K
  class space    used 7933K, capacity 8442K, committed 8448K, reserved 1048576K
}
Event: 46.285 GC heap before
{Heap before GC invocations=20 (full 3):
 PSYoungGen      total 123392K, used 8907K [0x00000000eab00000, 0x00000000f4500000, 0x0000000100000000)
  eden space 110592K, 0% used [0x00000000eab00000,0x00000000eab00000,0x00000000f1700000)
  from space 12800K, 69% used [0x00000000f1700000,0x00000000f1fb2cc8,0x00000000f2380000)
  to   space 13312K, 0% used [0x00000000f3800000,0x00000000f3800000,0x00000000f4500000)
 ParOldGen       total 71680K, used 29491K [0x00000000c0000000, 0x00000000c4600000, 0x00000000eab00000)
  object space 71680K, 41% used [0x00000000c0000000,0x00000000c1ccce48,0x00000000c4600000)
 Metaspace       used 57131K, capacity 58932K, committed 59136K, reserved 1099776K
  class space    used 7933K, capacity 8442K, committed 8448K, reserved 1048576K
Event: 46.636 GC heap after
Heap after GC invocations=20 (full 3):
 PSYoungGen      total 123392K, used 0K [0x00000000eab00000, 0x00000000f4500000, 0x0000000100000000)
  eden space 110592K, 0% used [0x00000000eab00000,0x00000000eab00000,0x00000000f1700000)
  from space 12800K, 0% used [0x00000000f1700000,0x00000000f1700000,0x00000000f2380000)
  to   space 13312K, 0% used [0x00000000f3800000,0x00000000f3800000,0x00000000f4500000)
 ParOldGen       total 111616K, used 37308K [0x00000000c0000000, 0x00000000c6d00000, 0x00000000eab00000)
  object space 111616K, 33% used [0x00000000c0000000,0x00000000c246f300,0x00000000c6d00000)
 Metaspace       used 57131K, capacity 58932K, committed 59136K, reserved 1099776K
  class space    used 7933K, capacity 8442K, committed 8448K, reserved 1048576K
}
Event: 58.032 GC heap before
{Heap before GC invocations=21 (full 3):
 PSYoungGen      total 123392K, used 110592K [0x00000000eab00000, 0x00000000f4500000, 0x0000000100000000)
  eden space 110592K, 100% used [0x00000000eab00000,0x00000000f1700000,0x00000000f1700000)
  from space 12800K, 0% used [0x00000000f1700000,0x00000000f1700000,0x00000000f2380000)
  to   space 13312K, 0% used [0x00000000f3800000,0x00000000f3800000,0x00000000f4500000)
 ParOldGen       total 111616K, used 37308K [0x00000000c0000000, 0x00000000c6d00000, 0x00000000eab00000)
  object space 111616K, 33% used [0x00000000c0000000,0x00000000c246f300,0x00000000c6d00000)
 Metaspace       used 59369K, capacity 62530K, committed 62720K, reserved 1103872K
  class space    used 8246K, capacity 9139K, committed 9216K, reserved 1048576K
Event: 58.049 GC heap after
Heap after GC invocations=21 (full 3):
 PSYoungGen      total 137216K, used 13312K [0x00000000eab00000, 0x00000000f4500000, 0x0000000100000000)
  eden space 123904K, 0% used [0x00000000eab00000,0x00000000eab00000,0x00000000f2400000)
  from space 13312K, 100% used [0x00000000f3800000,0x00000000f4500000,0x00000000f4500000)
  to   space 15872K, 0% used [0x00000000f2600000,0x00000000f2600000,0x00000000f3580000)
 ParOldGen       total 111616K, used 39805K [0x00000000c0000000, 0x00000000c6d00000, 0x00000000eab00000)
  object space 111616K, 35% used [0x00000000c0000000,0x00000000c26df548,0x00000000c6d00000)
 Metaspace       used 59369K, capacity 62530K, committed 62720K, reserved 1103872K
  class space    used 8246K, capacity 9139K, committed 9216K, reserved 1048576K
}
Event: 63.861 GC heap before
{Heap before GC invocations=22 (full 3):
 PSYoungGen      total 137216K, used 137216K [0x00000000eab00000, 0x00000000f4500000, 0x0000000100000000)
  eden space 123904K, 100% used [0x00000000eab00000,0x00000000f2400000,0x00000000f2400000)
  from space 13312K, 100% used [0x00000000f3800000,0x00000000f4500000,0x00000000f4500000)
  to   space 15872K, 0% used [0x00000000f2600000,0x00000000f2600000,0x00000000f3580000)
 ParOldGen       total 111616K, used 39805K [0x00000000c0000000, 0x00000000c6d00000, 0x00000000eab00000)
  object space 111616K, 35% used [0x00000000c0000000,0x00000000c26df548,0x00000000c6d00000)
 Metaspace       used 63799K, capacity 67772K, committed 67968K, reserved 1107968K
  class space    used 8950K, capacity 10024K, committed 10112K, reserved 1048576K
Event: 63.894 GC heap after
Heap after GC invocations=22 (full 3):
 PSYoungGen      total 141824K, used 15840K [0x00000000eab00000, 0x00000000f5d80000, 0x0000000100000000)
  eden space 125952K, 0% used [0x00000000eab00000,0x00000000eab00000,0x00000000f2600000)
  from space 15872K, 99% used [0x00000000f2600000,0x00000000f3578010,0x00000000f3580000)
  to   space 21504K, 0% used [0x00000000f4880000,0x00000000f4880000,0x00000000f5d80000)
 ParOldGen       total 111616K, used 49566K [0x00000000c0000000, 0x00000000c6d00000, 0x00000000eab00000)
  object space 111616K, 44% used [0x00000000c0000000,0x00000000c3067a18,0x00000000c6d00000)
 Metaspace       used 63799K, capacity 67772K, committed 67968K, reserved 1107968K
  class space    used 8950K, capacity 10024K, committed 10112K, reserved 1048576K
}
Event: 5103.553 GC heap before
{Heap before GC invocations=23 (full 3):
 PSYoungGen      total 141824K, used 141792K [0x00000000eab00000, 0x00000000f5d80000, 0x0000000100000000)
  eden space 125952K, 100% used [0x00000000eab00000,0x00000000f2600000,0x00000000f2600000)
  from space 15872K, 99% used [0x00000000f2600000,0x00000000f3578010,0x00000000f3580000)
  to   space 21504K, 0% used [0x00000000f4880000,0x00000000f4880000,0x00000000f5d80000)
 ParOldGen       total 111616K, used 49566K [0x00000000c0000000, 0x00000000c6d00000, 0x00000000eab00000)
  object space 111616K, 44% used [0x00000000c0000000,0x00000000c3067a18,0x00000000c6d00000)
 Metaspace       used 67796K, capacity 72088K, committed 72448K, reserved 1112064K
  class space    used 9289K, capacity 10416K, committed 10496K, reserved 1048576K
Event: 5112.861 GC heap after
Heap after GC invocations=23 (full 3):
 PSYoungGen      total 133632K, used 11416K [0x00000000eab00000, 0x00000000f5400000, 0x0000000100000000)
  eden space 121856K, 0% used [0x00000000eab00000,0x00000000eab00000,0x00000000f2200000)
  from space 11776K, 96% used [0x00000000f4880000,0x00000000f53a6138,0x00000000f5400000)
  to   space 20992K, 0% used [0x00000000f2b00000,0x00000000f2b00000,0x00000000f3f80000)
 ParOldGen       total 111616K, used 65205K [0x00000000c0000000, 0x00000000c6d00000, 0x00000000eab00000)
  object space 111616K, 58% used [0x00000000c0000000,0x00000000c3fad6e8,0x00000000c6d00000)
 Metaspace       used 67796K, capacity 72088K, committed 72448K, reserved 1112064K
  class space    used 9289K, capacity 10416K, committed 10496K, reserved 1048576K
}

